<?xml version="1.0" encoding="UTF-8"?>
<!-- Generated by org.testng.reporters.JUnitReportReporter -->
<testsuite hostname="Randys-MBP.attlocal.net" name="org.rnott.mock.evaluators.StringEvaluatorTest" tests="21" failures="0" timestamp="26 Aug 2016 06:29:11 GMT" time="0.021" errors="0">
  <testcase name="evaluate" time="0.010" classname="org.rnott.mock.evaluators.StringEvaluatorTest"/>
  <testcase name="evaluate" time="0.001" classname="org.rnott.mock.evaluators.StringEvaluatorTest"/>
  <testcase name="evaluate" time="0.000" classname="org.rnott.mock.evaluators.StringEvaluatorTest"/>
  <testcase name="evaluate" time="0.001" classname="org.rnott.mock.evaluators.StringEvaluatorTest"/>
  <testcase name="evaluate_IllegalStateException" time="0.000" classname="org.rnott.mock.evaluators.StringEvaluatorTest"/>
  <testcase name="evaluate_IllegalStateException" time="0.000" classname="org.rnott.mock.evaluators.StringEvaluatorTest"/>
  <testcase name="evaluate" time="0.001" classname="org.rnott.mock.evaluators.StringEvaluatorTest"/>
  <testcase name="evaluate" time="0.001" classname="org.rnott.mock.evaluators.StringEvaluatorTest"/>
  <testcase name="key" time="0.000" classname="org.rnott.mock.evaluators.StringEvaluatorTest"/>
  <testcase name="evaluate_IllegalStateException" time="0.000" classname="org.rnott.mock.evaluators.StringEvaluatorTest"/>
  <testcase name="evaluate_IllegalStateException" time="0.000" classname="org.rnott.mock.evaluators.StringEvaluatorTest"/>
  <testcase name="evaluate_IllegalStateException" time="0.001" classname="org.rnott.mock.evaluators.StringEvaluatorTest"/>
  <testcase name="evaluate" time="0.000" classname="org.rnott.mock.evaluators.StringEvaluatorTest"/>
  <testcase name="evaluate" time="0.001" classname="org.rnott.mock.evaluators.StringEvaluatorTest"/>
  <testcase name="evaluate_IllegalStateException" time="0.001" classname="org.rnott.mock.evaluators.StringEvaluatorTest"/>
  <testcase name="evaluate" time="0.000" classname="org.rnott.mock.evaluators.StringEvaluatorTest"/>
  <testcase name="evaluate" time="0.001" classname="org.rnott.mock.evaluators.StringEvaluatorTest"/>
  <testcase name="evaluate" time="0.001" classname="org.rnott.mock.evaluators.StringEvaluatorTest"/>
  <testcase name="evaluate" time="0.001" classname="org.rnott.mock.evaluators.StringEvaluatorTest"/>
  <testcase name="evaluate_IllegalStateException" time="0.000" classname="org.rnott.mock.evaluators.StringEvaluatorTest"/>
  <testcase name="evaluate" time="0.001" classname="org.rnott.mock.evaluators.StringEvaluatorTest"/>
</testsuite> <!-- org.rnott.mock.evaluators.StringEvaluatorTest -->
