<?xml version="1.0" encoding="UTF-8"?>
<!-- Generated by org.testng.reporters.JUnitReportReporter -->
<testsuite hostname="Randys-MBP.attlocal.net" name="org.rnott.mock.evaluators.DateEvaluatorTest" tests="8" failures="0" timestamp="26 Aug 2016 06:20:41 GMT" time="0.027" errors="0">
  <testcase name="evaluate" time="0.015" classname="org.rnott.mock.evaluators.DateEvaluatorTest"/>
  <testcase name="evaluate_UnsupportedOperationException" time="0.001" classname="org.rnott.mock.evaluators.DateEvaluatorTest"/>
  <testcase name="evaluate_UnsupportedOperationException" time="0.000" classname="org.rnott.mock.evaluators.DateEvaluatorTest"/>
  <testcase name="key" time="0.000" classname="org.rnott.mock.evaluators.DateEvaluatorTest"/>
  <testcase name="evaluate_UnsupportedOperationException" time="0.000" classname="org.rnott.mock.evaluators.DateEvaluatorTest"/>
  <testcase name="evaluate_UnsupportedOperationException" time="0.001" classname="org.rnott.mock.evaluators.DateEvaluatorTest"/>
  <testcase name="evaluate" time="0.009" classname="org.rnott.mock.evaluators.DateEvaluatorTest"/>
  <testcase name="evaluate" time="0.001" classname="org.rnott.mock.evaluators.DateEvaluatorTest"/>
</testsuite> <!-- org.rnott.mock.evaluators.DateEvaluatorTest -->
